[ 2015-07-03T00:45:22+08:00 ] 192.184.51.130 http://192.184.40.114/check_proxy.php
INFO: [ route_check ] --START--
INFO: CheckRoute Behavior ::run [ RunTime:0.001586s ]
INFO: [ route_check ] --END-- [ RunTime:0.001701s ]
INFO: [ app_begin ] --START--
INFO: ReadHtmlCache Behavior ::run [ RunTime:0.001108s ]
INFO: [ app_begin ] --END-- [ RunTime:0.001197s ]
NOTIC: [8] Undefined variable: group D:\xampp\htdocs\ThinkPHP\Lib\Core\App.class.php 第 95 行.
ERR: 无法加载模块:check_proxy.php

[ 2015-07-03T03:39:19+08:00 ] 192.184.51.130 http://192.184.40.114/check_proxy.php
INFO: [ route_check ] --START--
INFO: CheckRoute Behavior ::run [ RunTime:0.004345s ]
INFO: [ route_check ] --END-- [ RunTime:0.004411s ]
INFO: [ app_begin ] --START--
INFO: ReadHtmlCache Behavior ::run [ RunTime:0.003650s ]
INFO: [ app_begin ] --END-- [ RunTime:0.003695s ]
NOTIC: [8] Undefined variable: group D:\xampp\htdocs\ThinkPHP\Lib\Core\App.class.php 第 95 行.
ERR: 无法加载模块:check_proxy.php

[ 2015-07-03T03:57:33+08:00 ] 185.25.151.159 http://testp2.czar.bielawa.pl/testproxy.php
INFO: [ route_check ] --START--
INFO: CheckRoute Behavior ::run [ RunTime:0.001510s ]
INFO: [ route_check ] --END-- [ RunTime:0.001624s ]
INFO: [ app_begin ] --START--
INFO: ReadHtmlCache Behavior ::run [ RunTime:0.000736s ]
INFO: [ app_begin ] --END-- [ RunTime:0.000795s ]
NOTIC: [8] Undefined variable: group D:\xampp\htdocs\ThinkPHP\Lib\Core\App.class.php 第 95 行.
ERR: 无法加载模块:testproxy.php

[ 2015-07-03T05:53:40+08:00 ] 182.118.53.56 /
INFO: [ app_begin ] --START--
INFO: ReadHtmlCache Behavior ::run [ RunTime:0.001184s ]
INFO: [ app_begin ] --END-- [ RunTime:0.001293s ]
INFO: [ view_parse ] --START--
INFO: ParseTemplate Behavior ::run [ RunTime:0.088382s ]
INFO: [ view_parse ] --END-- [ RunTime:0.088500s ]
INFO: [ view_filter ] --START--
INFO: ContentReplace Behavior ::run [ RunTime:0.006767s ]
INFO: TokenBuild Behavior ::run [ RunTime:0.007169s ]
INFO: WriteHtmlCache Behavior ::run [ RunTime:0.006414s ]
INFO: ShowRuntime Behavior ::run [ RunTime:0.007729s ]
INFO: [ view_filter ] --END-- [ RunTime:0.028339s ]
INFO: [ view_end ] --START--
INFO: ShowPageTrace Behavior ::run [ RunTime:0.006908s ]
INFO: [ view_end ] --END-- [ RunTime:0.006994s ]

[ 2015-07-03T06:53:22+08:00 ] 61.240.144.65 /
INFO: [ app_begin ] --START--
INFO: ReadHtmlCache Behavior ::run [ RunTime:0.001285s ]
INFO: [ app_begin ] --END-- [ RunTime:0.001413s ]
INFO: [ view_parse ] --START--
INFO: ParseTemplate Behavior ::run [ RunTime:0.013208s ]
INFO: [ view_parse ] --END-- [ RunTime:0.013331s ]
INFO: [ view_filter ] --START--
INFO: ContentReplace Behavior ::run [ RunTime:0.000446s ]
INFO: TokenBuild Behavior ::run [ RunTime:0.000383s ]
INFO: WriteHtmlCache Behavior ::run [ RunTime:0.000299s ]
INFO: ShowRuntime Behavior ::run [ RunTime:0.000406s ]
INFO: [ view_filter ] --END-- [ RunTime:0.001642s ]
INFO: [ view_end ] --START--
INFO: ShowPageTrace Behavior ::run [ RunTime:0.000489s ]
INFO: [ view_end ] --END-- [ RunTime:0.000525s ]

[ 2015-07-03T09:26:23+08:00 ] 42.156.250.110 http://www.taobao.com/
INFO: [ app_begin ] --START--
INFO: ReadHtmlCache Behavior ::run [ RunTime:0.000746s ]
INFO: [ app_begin ] --END-- [ RunTime:0.000811s ]
INFO: [ view_parse ] --START--
INFO: ParseTemplate Behavior ::run [ RunTime:0.031103s ]
INFO: [ view_parse ] --END-- [ RunTime:0.031174s ]
INFO: [ view_filter ] --START--
INFO: ContentReplace Behavior ::run [ RunTime:0.000492s ]
INFO: TokenBuild Behavior ::run [ RunTime:0.000422s ]
INFO: WriteHtmlCache Behavior ::run [ RunTime:0.000342s ]
INFO: ShowRuntime Behavior ::run [ RunTime:0.000479s ]
INFO: [ view_filter ] --END-- [ RunTime:0.001851s ]
INFO: [ view_end ] --START--
INFO: ShowPageTrace Behavior ::run [ RunTime:0.000579s ]
INFO: [ view_end ] --END-- [ RunTime:0.000620s ]

[ 2015-07-03T09:48:31+08:00 ] 173.221.234.190 /manager/html
INFO: [ route_check ] --START--
INFO: CheckRoute Behavior ::run [ RunTime:0.001448s ]
INFO: [ route_check ] --END-- [ RunTime:0.001577s ]
INFO: [ app_begin ] --START--
INFO: ReadHtmlCache Behavior ::run [ RunTime:0.000942s ]
INFO: [ app_begin ] --END-- [ RunTime:0.001030s ]
ERR: 无法加载模块:manager

[ 2015-07-03T11:11:33+08:00 ] 103.240.16.119 http://www.example.com/
INFO: [ app_begin ] --START--
INFO: ReadHtmlCache Behavior ::run [ RunTime:0.001281s ]
INFO: [ app_begin ] --END-- [ RunTime:0.001397s ]
INFO: [ view_parse ] --START--
INFO: ParseTemplate Behavior ::run [ RunTime:0.030276s ]
INFO: [ view_parse ] --END-- [ RunTime:0.030369s ]
INFO: [ view_filter ] --START--
INFO: ContentReplace Behavior ::run [ RunTime:0.000544s ]
INFO: TokenBuild Behavior ::run [ RunTime:0.000486s ]
INFO: WriteHtmlCache Behavior ::run [ RunTime:0.000402s ]
INFO: ShowRuntime Behavior ::run [ RunTime:0.000622s ]
INFO: [ view_filter ] --END-- [ RunTime:0.002165s ]
INFO: [ view_end ] --START--
INFO: ShowPageTrace Behavior ::run [ RunTime:0.000732s ]
INFO: [ view_end ] --END-- [ RunTime:0.000789s ]

[ 2015-07-03T11:23:28+08:00 ] 192.184.51.130 http://192.184.40.114/check_proxy.php
INFO: [ route_check ] --START--
INFO: CheckRoute Behavior ::run [ RunTime:0.000913s ]
INFO: [ route_check ] --END-- [ RunTime:0.000979s ]
INFO: [ app_begin ] --START--
INFO: ReadHtmlCache Behavior ::run [ RunTime:0.000629s ]
INFO: [ app_begin ] --END-- [ RunTime:0.000676s ]
NOTIC: [8] Undefined variable: group D:\xampp\htdocs\ThinkPHP\Lib\Core\App.class.php 第 95 行.
ERR: 无法加载模块:check_proxy.php

[ 2015-07-03T11:30:25+08:00 ] 0.0.0.0 /a/contactUs
INFO: [ route_check ] --START--
INFO: CheckRoute Behavior ::run [ RunTime:0.000834s ]
INFO: [ route_check ] --END-- [ RunTime:0.000905s ]
INFO: [ app_begin ] --START--
INFO: ReadHtmlCache Behavior ::run [ RunTime:0.000588s ]
INFO: [ app_begin ] --END-- [ RunTime:0.000633s ]
ERR: 无法加载模块:a

[ 2015-07-03T11:30:30+08:00 ] 0.0.0.0 /a/contactUs
INFO: [ route_check ] --START--
INFO: CheckRoute Behavior ::run [ RunTime:0.000646s ]
INFO: [ route_check ] --END-- [ RunTime:0.000721s ]
INFO: [ app_begin ] --START--
INFO: ReadHtmlCache Behavior ::run [ RunTime:0.000526s ]
INFO: [ app_begin ] --END-- [ RunTime:0.000585s ]
ERR: 无法加载模块:a

[ 2015-07-03T14:28:38+08:00 ] 184.105.139.68 /
INFO: [ app_begin ] --START--
INFO: ReadHtmlCache Behavior ::run [ RunTime:0.000777s ]
INFO: [ app_begin ] --END-- [ RunTime:0.000847s ]
INFO: [ view_parse ] --START--
INFO: ParseTemplate Behavior ::run [ RunTime:0.012326s ]
INFO: [ view_parse ] --END-- [ RunTime:0.012396s ]
INFO: [ view_filter ] --START--
INFO: ContentReplace Behavior ::run [ RunTime:0.000719s ]
INFO: TokenBuild Behavior ::run [ RunTime:0.000604s ]
INFO: WriteHtmlCache Behavior ::run [ RunTime:0.000539s ]
INFO: ShowRuntime Behavior ::run [ RunTime:0.000567s ]
INFO: [ view_filter ] --END-- [ RunTime:0.002571s ]
INFO: [ view_end ] --START--
INFO: ShowPageTrace Behavior ::run [ RunTime:0.000635s ]
INFO: [ view_end ] --END-- [ RunTime:0.000680s ]

[ 2015-07-03T14:34:33+08:00 ] 184.105.139.68 /
INFO: [ app_begin ] --START--
INFO: ReadHtmlCache Behavior ::run [ RunTime:0.000678s ]
INFO: [ app_begin ] --END-- [ RunTime:0.000739s ]
INFO: [ view_parse ] --START--
INFO: ParseTemplate Behavior ::run [ RunTime:0.012030s ]
INFO: [ view_parse ] --END-- [ RunTime:0.012102s ]
INFO: [ view_filter ] --START--
INFO: ContentReplace Behavior ::run [ RunTime:0.000632s ]
INFO: TokenBuild Behavior ::run [ RunTime:0.000563s ]
INFO: WriteHtmlCache Behavior ::run [ RunTime:0.000485s ]
INFO: ShowRuntime Behavior ::run [ RunTime:0.000635s ]
INFO: [ view_filter ] --END-- [ RunTime:0.002448s ]
INFO: [ view_end ] --START--
INFO: ShowPageTrace Behavior ::run [ RunTime:0.000725s ]
INFO: [ view_end ] --END-- [ RunTime:0.000809s ]

[ 2015-07-03T16:30:34+08:00 ] 141.212.122.202 /
INFO: [ app_begin ] --START--
INFO: ReadHtmlCache Behavior ::run [ RunTime:0.001178s ]
INFO: [ app_begin ] --END-- [ RunTime:0.001289s ]
INFO: [ view_parse ] --START--
INFO: ParseTemplate Behavior ::run [ RunTime:0.030803s ]
INFO: [ view_parse ] --END-- [ RunTime:0.030919s ]
INFO: [ view_filter ] --START--
INFO: ContentReplace Behavior ::run [ RunTime:0.001002s ]
INFO: TokenBuild Behavior ::run [ RunTime:0.000980s ]
INFO: WriteHtmlCache Behavior ::run [ RunTime:0.000806s ]
INFO: ShowRuntime Behavior ::run [ RunTime:0.001041s ]
INFO: [ view_filter ] --END-- [ RunTime:0.004114s ]
INFO: [ view_end ] --START--
INFO: ShowPageTrace Behavior ::run [ RunTime:0.001243s ]
INFO: [ view_end ] --END-- [ RunTime:0.001330s ]

[ 2015-07-03T18:44:09+08:00 ] 192.184.51.130 http://192.184.40.114/check_proxy.php
INFO: [ route_check ] --START--
INFO: CheckRoute Behavior ::run [ RunTime:0.001242s ]
INFO: [ route_check ] --END-- [ RunTime:0.001336s ]
INFO: [ app_begin ] --START--
INFO: ReadHtmlCache Behavior ::run [ RunTime:0.000589s ]
INFO: [ app_begin ] --END-- [ RunTime:0.000640s ]
NOTIC: [8] Undefined variable: group D:\xampp\htdocs\ThinkPHP\Lib\Core\App.class.php 第 95 行.
ERR: 无法加载模块:check_proxy.php

[ 2015-07-03T19:52:18+08:00 ] 127.0.0.1 /
INFO: [ app_begin ] --START--
INFO: ReadHtmlCache Behavior ::run [ RunTime:0.000565s ]
INFO: [ app_begin ] --END-- [ RunTime:0.000629s ]
INFO: [ view_parse ] --START--
INFO: ParseTemplate Behavior ::run [ RunTime:0.023258s ]
INFO: [ view_parse ] --END-- [ RunTime:0.023317s ]
INFO: [ view_filter ] --START--
INFO: ContentReplace Behavior ::run [ RunTime:0.000442s ]
INFO: TokenBuild Behavior ::run [ RunTime:0.000395s ]
INFO: WriteHtmlCache Behavior ::run [ RunTime:0.000313s ]
INFO: ShowRuntime Behavior ::run [ RunTime:0.000415s ]
INFO: [ view_filter ] --END-- [ RunTime:0.001662s ]
INFO: [ view_end ] --START--
INFO: ShowPageTrace Behavior ::run [ RunTime:0.000654s ]
INFO: [ view_end ] --END-- [ RunTime:0.000695s ]

[ 2015-07-03T19:52:31+08:00 ] 127.0.0.1 /index-6.html
INFO: [ route_check ] --START--
INFO: CheckRoute Behavior ::run [ RunTime:0.000831s ]
INFO: [ route_check ] --END-- [ RunTime:0.000896s ]
INFO: [ app_begin ] --START--
INFO: ReadHtmlCache Behavior ::run [ RunTime:0.000581s ]
INFO: [ app_begin ] --END-- [ RunTime:0.000627s ]
NOTIC: [8] Undefined variable: group D:\xampp\htdocs\ThinkPHP\Lib\Core\App.class.php 第 95 行.
ERR: 无法加载模块:index-6

[ 2015-07-03T20:20:54+08:00 ] 114.215.89.192 /
INFO: [ app_begin ] --START--
INFO: ReadHtmlCache Behavior ::run [ RunTime:0.000801s ]
INFO: [ app_begin ] --END-- [ RunTime:0.000872s ]
INFO: [ view_parse ] --START--
INFO: ParseTemplate Behavior ::run [ RunTime:0.008688s ]
INFO: [ view_parse ] --END-- [ RunTime:0.008751s ]
INFO: [ view_filter ] --START--
INFO: ContentReplace Behavior ::run [ RunTime:0.000487s ]
INFO: TokenBuild Behavior ::run [ RunTime:0.000446s ]
INFO: WriteHtmlCache Behavior ::run [ RunTime:0.000370s ]
INFO: ShowRuntime Behavior ::run [ RunTime:0.000499s ]
INFO: [ view_filter ] --END-- [ RunTime:0.001926s ]
INFO: [ view_end ] --START--
INFO: ShowPageTrace Behavior ::run [ RunTime:0.000717s ]
INFO: [ view_end ] --END-- [ RunTime:0.000766s ]

[ 2015-07-03T20:28:55+08:00 ] 103.240.16.119 http://www.example.com/
INFO: [ app_begin ] --START--
INFO: ReadHtmlCache Behavior ::run [ RunTime:0.001277s ]
INFO: [ app_begin ] --END-- [ RunTime:0.001389s ]
INFO: [ view_parse ] --START--
INFO: ParseTemplate Behavior ::run [ RunTime:0.013652s ]
INFO: [ view_parse ] --END-- [ RunTime:0.013761s ]
INFO: [ view_filter ] --START--
INFO: ContentReplace Behavior ::run [ RunTime:0.000985s ]
INFO: TokenBuild Behavior ::run [ RunTime:0.000937s ]
INFO: WriteHtmlCache Behavior ::run [ RunTime:0.000804s ]
INFO: ShowRuntime Behavior ::run [ RunTime:0.001048s ]
INFO: [ view_filter ] --END-- [ RunTime:0.004020s ]
INFO: [ view_end ] --START--
INFO: ShowPageTrace Behavior ::run [ RunTime:0.001229s ]
INFO: [ view_end ] --END-- [ RunTime:0.001313s ]

