[ 2015-06-24T00:19:42+08:00 ] 121.40.83.80 /
INFO: [ app_begin ] --START--
INFO: ReadHtmlCache Behavior ::run [ RunTime:0.003719s ]
INFO: [ app_begin ] --END-- [ RunTime:0.003780s ]
INFO: [ view_parse ] --START--
INFO: ParseTemplate Behavior ::run [ RunTime:0.037516s ]
INFO: [ view_parse ] --END-- [ RunTime:0.037576s ]
INFO: [ view_filter ] --START--
INFO: ContentReplace Behavior ::run [ RunTime:0.003123s ]
INFO: TokenBuild Behavior ::run [ RunTime:0.003154s ]
INFO: WriteHtmlCache Behavior ::run [ RunTime:0.002727s ]
INFO: ShowRuntime Behavior ::run [ RunTime:0.004082s ]
INFO: [ view_filter ] --END-- [ RunTime:0.013209s ]
INFO: [ view_end ] --START--
INFO: ShowPageTrace Behavior ::run [ RunTime:0.003258s ]
INFO: [ view_end ] --END-- [ RunTime:0.003300s ]

[ 2015-06-24T06:36:00+08:00 ] 104.192.0.21 /index.cgi
INFO: [ route_check ] --START--
INFO: CheckRoute Behavior ::run [ RunTime:0.004762s ]
INFO: [ route_check ] --END-- [ RunTime:0.004827s ]
INFO: [ app_begin ] --START--
INFO: ReadHtmlCache Behavior ::run [ RunTime:0.000746s ]
INFO: [ app_begin ] --END-- [ RunTime:0.000787s ]
NOTIC: [8] Undefined variable: group D:\xampp\htdocs\ThinkPHP\Lib\Core\App.class.php 第 95 行.
ERR: 无法加载模块:index.cgi

[ 2015-06-24T07:05:02+08:00 ] 103.240.16.119 http://www.example.com/
INFO: [ app_begin ] --START--
INFO: ReadHtmlCache Behavior ::run [ RunTime:0.001078s ]
INFO: [ app_begin ] --END-- [ RunTime:0.001186s ]
INFO: [ view_parse ] --START--
INFO: ParseTemplate Behavior ::run [ RunTime:0.053391s ]
INFO: [ view_parse ] --END-- [ RunTime:0.053472s ]
INFO: [ view_filter ] --START--
INFO: ContentReplace Behavior ::run [ RunTime:0.003497s ]
INFO: TokenBuild Behavior ::run [ RunTime:0.003476s ]
INFO: WriteHtmlCache Behavior ::run [ RunTime:0.003098s ]
INFO: ShowRuntime Behavior ::run [ RunTime:0.003915s ]
INFO: [ view_filter ] --END-- [ RunTime:0.014106s ]
INFO: [ view_end ] --START--
INFO: ShowPageTrace Behavior ::run [ RunTime:0.004072s ]
INFO: [ view_end ] --END-- [ RunTime:0.004115s ]

[ 2015-06-24T07:55:53+08:00 ] 192.187.110.98 http://testp4.pospr.waw.pl/testproxy.php
INFO: [ route_check ] --START--
INFO: CheckRoute Behavior ::run [ RunTime:0.001373s ]
INFO: [ route_check ] --END-- [ RunTime:0.001482s ]
INFO: [ app_begin ] --START--
INFO: ReadHtmlCache Behavior ::run [ RunTime:0.000881s ]
INFO: [ app_begin ] --END-- [ RunTime:0.000962s ]
NOTIC: [8] Undefined variable: group D:\xampp\htdocs\ThinkPHP\Lib\Core\App.class.php 第 95 行.
ERR: 无法加载模块:testproxy.php

[ 2015-06-24T09:55:30+08:00 ] 74.82.47.3 /
INFO: [ app_begin ] --START--
INFO: ReadHtmlCache Behavior ::run [ RunTime:0.001094s ]
INFO: [ app_begin ] --END-- [ RunTime:0.001203s ]
INFO: [ view_parse ] --START--
INFO: ParseTemplate Behavior ::run [ RunTime:0.007532s ]
INFO: [ view_parse ] --END-- [ RunTime:0.007604s ]
INFO: [ view_filter ] --START--
INFO: ContentReplace Behavior ::run [ RunTime:0.000475s ]
INFO: TokenBuild Behavior ::run [ RunTime:0.000440s ]
INFO: WriteHtmlCache Behavior ::run [ RunTime:0.000364s ]
INFO: ShowRuntime Behavior ::run [ RunTime:0.000487s ]
INFO: [ view_filter ] --END-- [ RunTime:0.001883s ]
INFO: [ view_end ] --START--
INFO: ShowPageTrace Behavior ::run [ RunTime:0.000594s ]
INFO: [ view_end ] --END-- [ RunTime:0.000635s ]

[ 2015-06-24T10:02:13+08:00 ] 74.82.47.3 /
INFO: [ app_begin ] --START--
INFO: ReadHtmlCache Behavior ::run [ RunTime:0.001290s ]
INFO: [ app_begin ] --END-- [ RunTime:0.001443s ]
INFO: [ view_parse ] --START--
INFO: ParseTemplate Behavior ::run [ RunTime:0.013059s ]
INFO: [ view_parse ] --END-- [ RunTime:0.013182s ]
INFO: [ view_filter ] --START--
INFO: ContentReplace Behavior ::run [ RunTime:0.000958s ]
INFO: TokenBuild Behavior ::run [ RunTime:0.000798s ]
INFO: WriteHtmlCache Behavior ::run [ RunTime:0.000653s ]
INFO: ShowRuntime Behavior ::run [ RunTime:0.000678s ]
INFO: [ view_filter ] --END-- [ RunTime:0.003282s ]
INFO: [ view_end ] --START--
INFO: ShowPageTrace Behavior ::run [ RunTime:0.000637s ]
INFO: [ view_end ] --END-- [ RunTime:0.000683s ]

[ 2015-06-24T15:16:52+08:00 ] 198.20.69.74 /
INFO: [ app_begin ] --START--
INFO: ReadHtmlCache Behavior ::run [ RunTime:0.001069s ]
INFO: [ app_begin ] --END-- [ RunTime:0.001178s ]
INFO: [ view_parse ] --START--
INFO: ParseTemplate Behavior ::run [ RunTime:0.019823s ]
INFO: [ view_parse ] --END-- [ RunTime:0.019929s ]
INFO: [ view_filter ] --START--
INFO: ContentReplace Behavior ::run [ RunTime:0.000877s ]
INFO: TokenBuild Behavior ::run [ RunTime:0.000804s ]
INFO: WriteHtmlCache Behavior ::run [ RunTime:0.000657s ]
INFO: ShowRuntime Behavior ::run [ RunTime:0.000892s ]
INFO: [ view_filter ] --END-- [ RunTime:0.003445s ]
INFO: [ view_end ] --START--
INFO: ShowPageTrace Behavior ::run [ RunTime:0.001179s ]
INFO: [ view_end ] --END-- [ RunTime:0.001269s ]

[ 2015-06-24T15:16:54+08:00 ] 198.20.69.74 /robots.txt
INFO: [ route_check ] --START--
INFO: CheckRoute Behavior ::run [ RunTime:0.001349s ]
INFO: [ route_check ] --END-- [ RunTime:0.001451s ]
INFO: [ app_begin ] --START--
INFO: ReadHtmlCache Behavior ::run [ RunTime:0.000861s ]
INFO: [ app_begin ] --END-- [ RunTime:0.000941s ]
NOTIC: [8] Undefined variable: group D:\xampp\htdocs\ThinkPHP\Lib\Core\App.class.php 第 95 行.
ERR: 无法加载模块:robots.txt

[ 2015-06-24T16:08:08+08:00 ] 62.75.216.19 /
INFO: [ app_begin ] --START--
INFO: ReadHtmlCache Behavior ::run [ RunTime:0.005711s ]
INFO: [ app_begin ] --END-- [ RunTime:0.005790s ]
INFO: [ view_parse ] --START--
INFO: ParseTemplate Behavior ::run [ RunTime:0.046034s ]
INFO: [ view_parse ] --END-- [ RunTime:0.046107s ]
INFO: [ view_filter ] --START--
INFO: ContentReplace Behavior ::run [ RunTime:0.003877s ]
INFO: TokenBuild Behavior ::run [ RunTime:0.004232s ]
INFO: WriteHtmlCache Behavior ::run [ RunTime:0.003052s ]
INFO: ShowRuntime Behavior ::run [ RunTime:0.003776s ]
INFO: [ view_filter ] --END-- [ RunTime:0.015082s ]
INFO: [ view_end ] --START--
INFO: ShowPageTrace Behavior ::run [ RunTime:0.003556s ]
INFO: [ view_end ] --END-- [ RunTime:0.003598s ]

[ 2015-06-24T17:17:32+08:00 ] 104.192.0.21 /
INFO: [ app_begin ] --START--
INFO: ReadHtmlCache Behavior ::run [ RunTime:0.001067s ]
INFO: [ app_begin ] --END-- [ RunTime:0.001176s ]
INFO: [ view_parse ] --START--
INFO: ParseTemplate Behavior ::run [ RunTime:0.011494s ]
INFO: [ view_parse ] --END-- [ RunTime:0.011596s ]
INFO: [ view_filter ] --START--
INFO: ContentReplace Behavior ::run [ RunTime:0.000529s ]
INFO: TokenBuild Behavior ::run [ RunTime:0.000428s ]
INFO: WriteHtmlCache Behavior ::run [ RunTime:0.000357s ]
INFO: ShowRuntime Behavior ::run [ RunTime:0.000476s ]
INFO: [ view_filter ] --END-- [ RunTime:0.001908s ]
INFO: [ view_end ] --START--
INFO: ShowPageTrace Behavior ::run [ RunTime:0.000577s ]
INFO: [ view_end ] --END-- [ RunTime:0.000617s ]

[ 2015-06-24T18:49:01+08:00 ] 82.80.216.19 /
INFO: [ app_begin ] --START--
INFO: ReadHtmlCache Behavior ::run [ RunTime:0.001151s ]
INFO: [ app_begin ] --END-- [ RunTime:0.001265s ]
INFO: [ view_parse ] --START--
INFO: ParseTemplate Behavior ::run [ RunTime:0.013925s ]
INFO: [ view_parse ] --END-- [ RunTime:0.014000s ]
INFO: [ view_filter ] --START--
INFO: ContentReplace Behavior ::run [ RunTime:0.000468s ]
INFO: TokenBuild Behavior ::run [ RunTime:0.000429s ]
INFO: WriteHtmlCache Behavior ::run [ RunTime:0.000351s ]
INFO: ShowRuntime Behavior ::run [ RunTime:0.000473s ]
INFO: [ view_filter ] --END-- [ RunTime:0.001835s ]
INFO: [ view_end ] --START--
INFO: ShowPageTrace Behavior ::run [ RunTime:0.000572s ]
INFO: [ view_end ] --END-- [ RunTime:0.000613s ]

