[ 2015-07-02T00:14:27+08:00 ] 121.40.83.80 /
INFO: [ app_begin ] --START--
INFO: ReadHtmlCache Behavior ::run [ RunTime:0.001175s ]
INFO: [ app_begin ] --END-- [ RunTime:0.001290s ]
INFO: [ view_parse ] --START--
INFO: ParseTemplate Behavior ::run [ RunTime:0.019669s ]
INFO: [ view_parse ] --END-- [ RunTime:0.019778s ]
INFO: [ view_filter ] --START--
INFO: ContentReplace Behavior ::run [ RunTime:0.000905s ]
INFO: TokenBuild Behavior ::run [ RunTime:0.000568s ]
INFO: WriteHtmlCache Behavior ::run [ RunTime:0.000473s ]
INFO: ShowRuntime Behavior ::run [ RunTime:0.000590s ]
INFO: [ view_filter ] --END-- [ RunTime:0.002679s ]
INFO: [ view_end ] --START--
INFO: ShowPageTrace Behavior ::run [ RunTime:0.000691s ]
INFO: [ view_end ] --END-- [ RunTime:0.000735s ]

[ 2015-07-02T00:41:41+08:00 ] 192.184.51.130 http://192.184.40.114/check_proxy.php
INFO: [ route_check ] --START--
INFO: CheckRoute Behavior ::run [ RunTime:0.001576s ]
INFO: [ route_check ] --END-- [ RunTime:0.001691s ]
INFO: [ app_begin ] --START--
INFO: ReadHtmlCache Behavior ::run [ RunTime:0.001115s ]
INFO: [ app_begin ] --END-- [ RunTime:0.001248s ]
NOTIC: [8] Undefined variable: group D:\xampp\htdocs\ThinkPHP\Lib\Core\App.class.php 第 95 行.
ERR: 无法加载模块:check_proxy.php

[ 2015-07-02T07:12:39+08:00 ] 103.240.16.119 http://www.example.com/
INFO: [ app_begin ] --START--
INFO: ReadHtmlCache Behavior ::run [ RunTime:0.004336s ]
INFO: [ app_begin ] --END-- [ RunTime:0.004403s ]
INFO: [ view_parse ] --START--
INFO: ParseTemplate Behavior ::run [ RunTime:0.037724s ]
INFO: [ view_parse ] --END-- [ RunTime:0.037788s ]
INFO: [ view_filter ] --START--
INFO: ContentReplace Behavior ::run [ RunTime:0.003275s ]
INFO: TokenBuild Behavior ::run [ RunTime:0.003154s ]
INFO: WriteHtmlCache Behavior ::run [ RunTime:0.002795s ]
INFO: ShowRuntime Behavior ::run [ RunTime:0.003593s ]
INFO: [ view_filter ] --END-- [ RunTime:0.012937s ]
INFO: [ view_end ] --START--
INFO: ShowPageTrace Behavior ::run [ RunTime:0.003135s ]
INFO: [ view_end ] --END-- [ RunTime:0.003174s ]

[ 2015-07-02T14:00:11+08:00 ] 0.0.0.0 /
INFO: [ app_begin ] --START--
INFO: ReadHtmlCache Behavior ::run [ RunTime:0.004872s ]
INFO: [ app_begin ] --END-- [ RunTime:0.005009s ]
INFO: [ view_parse ] --START--
INFO: ParseTemplate Behavior ::run [ RunTime:0.045971s ]
INFO: [ view_parse ] --END-- [ RunTime:0.046134s ]
INFO: [ view_filter ] --START--
INFO: ContentReplace Behavior ::run [ RunTime:0.003495s ]
INFO: TokenBuild Behavior ::run [ RunTime:0.003275s ]
INFO: WriteHtmlCache Behavior ::run [ RunTime:0.002728s ]
INFO: ShowRuntime Behavior ::run [ RunTime:0.003408s ]
INFO: [ view_filter ] --END-- [ RunTime:0.013028s ]
INFO: [ view_end ] --START--
INFO: ShowPageTrace Behavior ::run [ RunTime:0.003066s ]
INFO: [ view_end ] --END-- [ RunTime:0.003146s ]

[ 2015-07-02T14:03:37+08:00 ] 192.184.51.130 http://192.184.40.114/check_proxy.php
INFO: [ route_check ] --START--
INFO: CheckRoute Behavior ::run [ RunTime:0.011529s ]
INFO: [ route_check ] --END-- [ RunTime:0.011703s ]
INFO: [ app_begin ] --START--
INFO: ReadHtmlCache Behavior ::run [ RunTime:0.000622s ]
INFO: [ app_begin ] --END-- [ RunTime:0.000704s ]
NOTIC: [8] Undefined variable: group D:\xampp\htdocs\ThinkPHP\Lib\Core\App.class.php 第 95 行.
ERR: 无法加载模块:check_proxy.php

[ 2015-07-02T16:26:21+08:00 ] 103.240.16.119 http://www.example.com/
INFO: [ app_begin ] --START--
INFO: ReadHtmlCache Behavior ::run [ RunTime:0.000773s ]
INFO: [ app_begin ] --END-- [ RunTime:0.000842s ]
INFO: [ view_parse ] --START--
INFO: ParseTemplate Behavior ::run [ RunTime:0.007992s ]
INFO: [ view_parse ] --END-- [ RunTime:0.008053s ]
INFO: [ view_filter ] --START--
INFO: ContentReplace Behavior ::run [ RunTime:0.000551s ]
INFO: TokenBuild Behavior ::run [ RunTime:0.000549s ]
INFO: WriteHtmlCache Behavior ::run [ RunTime:0.000504s ]
INFO: ShowRuntime Behavior ::run [ RunTime:0.000544s ]
INFO: [ view_filter ] --END-- [ RunTime:0.002280s ]
INFO: [ view_end ] --START--
INFO: ShowPageTrace Behavior ::run [ RunTime:0.000627s ]
INFO: [ view_end ] --END-- [ RunTime:0.000669s ]

[ 2015-07-02T17:10:10+08:00 ] 146.185.239.100 http://24x7-allrequestsallowed.com/?PHPSESSID=a45ad32b00143PTUJWW%40YJEFSG
INFO: [ app_begin ] --START--
INFO: ReadHtmlCache Behavior ::run [ RunTime:0.001182s ]
INFO: [ app_begin ] --END-- [ RunTime:0.001319s ]
INFO: [ view_parse ] --START--
INFO: ParseTemplate Behavior ::run [ RunTime:0.013927s ]
INFO: [ view_parse ] --END-- [ RunTime:0.014048s ]
INFO: [ view_filter ] --START--
INFO: ContentReplace Behavior ::run [ RunTime:0.000973s ]
INFO: TokenBuild Behavior ::run [ RunTime:0.000943s ]
INFO: WriteHtmlCache Behavior ::run [ RunTime:0.000809s ]
INFO: ShowRuntime Behavior ::run [ RunTime:0.001050s ]
INFO: [ view_filter ] --END-- [ RunTime:0.004022s ]
INFO: [ view_end ] --START--
INFO: ShowPageTrace Behavior ::run [ RunTime:0.001231s ]
INFO: [ view_end ] --END-- [ RunTime:0.001316s ]

