[ 2015-06-04T00:14:12+08:00 ] 121.40.83.80 /
INFO: [ app_begin ] --START--
INFO: ReadHtmlCache Behavior ::run [ RunTime:0.001178s ]
INFO: [ app_begin ] --END-- [ RunTime:0.001296s ]
ERR: 模板不存在[./AboutUs/Tpl/Index/index.html]

[ 2015-06-04T04:07:44+08:00 ] 103.240.16.119 http://www.example.com/
INFO: [ app_begin ] --START--
INFO: ReadHtmlCache Behavior ::run [ RunTime:0.000681s ]
INFO: [ app_begin ] --END-- [ RunTime:0.000741s ]
ERR: 模板不存在[./AboutUs/Tpl/Index/index.html]

[ 2015-06-04T09:22:19+08:00 ] 42.120.142.223 http://www.taobao.com/
INFO: [ app_begin ] --START--
INFO: ReadHtmlCache Behavior ::run [ RunTime:0.000647s ]
INFO: [ app_begin ] --END-- [ RunTime:0.000720s ]
ERR: 模板不存在[./AboutUs/Tpl/Index/index.html]

[ 2015-06-04T09:24:50+08:00 ] 192.187.110.98 http://testp5.mielno.lubin.pl/testproxy.php
INFO: [ route_check ] --START--
INFO: CheckRoute Behavior ::run [ RunTime:0.001667s ]
INFO: [ route_check ] --END-- [ RunTime:0.001788s ]
INFO: [ app_begin ] --START--
INFO: ReadHtmlCache Behavior ::run [ RunTime:0.001063s ]
INFO: [ app_begin ] --END-- [ RunTime:0.001156s ]
NOTIC: [8] Undefined variable: group D:\xampp\htdocs\ThinkPHP\Lib\Core\App.class.php 第 95 行.
ERR: 无法加载模块:testproxy.php

