[ 2015-06-03T09:32:28+08:00 ] 0.0.0.0 /Admin/Employee/login
INFO: [ route_check ] --START--
INFO: CheckRoute Behavior ::run [ RunTime:0.001000s ]
INFO: [ route_check ] --END-- [ RunTime:0.001000s ]
INFO: [ app_begin ] --START--
INFO: ReadHtmlCache Behavior ::run [ RunTime:0.000000s ]
INFO: [ app_begin ] --END-- [ RunTime:0.001000s ]
SQL: SHOW COLUMNS FROM `ab_employee` [ RunTime:0.003000s ]
SQL: SELECT * FROM `ab_employee` WHERE ( `e_loginname` = 'gy' ) LIMIT 1   [ RunTime:0.001000s ]
NOTIC: [8] Undefined index: e_lock D:\xampp\htdocs\Admin\ManageCompanyOperate\Lib\Action\EmployeeAction.class.php 第 122 行.
SQL: UPDATE `ab_employee` SET `e_logintime`='2015-06-03 09:32:28',`e_loginip`='0.0.0.0' WHERE ( `e_id` = 1 ) [ RunTime:0.191011s ]

[ 2015-06-03T09:33:15+08:00 ] 0.0.0.0 /Admin/Employee/login
INFO: [ route_check ] --START--
INFO: CheckRoute Behavior ::run [ RunTime:0.001000s ]
INFO: [ route_check ] --END-- [ RunTime:0.001000s ]
INFO: [ app_begin ] --START--
INFO: ReadHtmlCache Behavior ::run [ RunTime:0.001000s ]
INFO: [ app_begin ] --END-- [ RunTime:0.001000s ]
SQL: SHOW COLUMNS FROM `ab_employee` [ RunTime:0.005000s ]
SQL: SELECT * FROM `ab_employee` WHERE ( `e_loginname` = 'gy' ) LIMIT 1   [ RunTime:0.001000s ]
NOTIC: [8] Undefined index: e_lock D:\xampp\htdocs\Admin\ManageCompanyOperate\Lib\Action\EmployeeAction.class.php 第 122 行.

[ 2015-06-03T09:58:32+08:00 ] 0.0.0.0 /Admin/Employee/login
INFO: [ route_check ] --START--
INFO: CheckRoute Behavior ::run [ RunTime:0.001000s ]
INFO: [ route_check ] --END-- [ RunTime:0.001000s ]
INFO: [ app_begin ] --START--
INFO: ReadHtmlCache Behavior ::run [ RunTime:0.001000s ]
INFO: [ app_begin ] --END-- [ RunTime:0.001000s ]
SQL: SHOW COLUMNS FROM `ab_employee` [ RunTime:0.003000s ]
SQL: SELECT * FROM `ab_employee` WHERE ( `e_loginname` = 'gy' ) LIMIT 1   [ RunTime:0.001000s ]
NOTIC: [8] Undefined index: e_lock D:\xampp\htdocs\Admin\ManageCompanyOperate\Lib\Action\EmployeeAction.class.php 第 122 行.
SQL: UPDATE `ab_employee` SET `e_logintime`='2015-06-03 09:58:32',`e_loginip`='0.0.0.0' WHERE ( `e_id` = 1 ) [ RunTime:0.044003s ]

[ 2015-06-03T09:58:47+08:00 ] 0.0.0.0 /Admin/Employee/login
INFO: [ route_check ] --START--
INFO: CheckRoute Behavior ::run [ RunTime:0.001000s ]
INFO: [ route_check ] --END-- [ RunTime:0.001000s ]
INFO: [ app_begin ] --START--
INFO: ReadHtmlCache Behavior ::run [ RunTime:0.001000s ]
INFO: [ app_begin ] --END-- [ RunTime:0.001000s ]
SQL: SHOW COLUMNS FROM `ab_employee` [ RunTime:0.004000s ]
SQL: SELECT * FROM `ab_employee` WHERE ( `e_loginname` = 'gy' ) LIMIT 1   [ RunTime:0.001000s ]
NOTIC: [8] Undefined index: e_lock D:\xampp\htdocs\Admin\ManageCompanyOperate\Lib\Action\EmployeeAction.class.php 第 122 行.
SQL: UPDATE `ab_employee` SET `e_logintime`='2015-06-03 09:58:47',`e_loginip`='0.0.0.0' WHERE ( `e_id` = 1 ) [ RunTime:0.047003s ]

[ 2015-06-03T10:03:05+08:00 ] 0.0.0.0 /Admin/Employee/login
INFO: [ route_check ] --START--
INFO: CheckRoute Behavior ::run [ RunTime:0.001000s ]
INFO: [ route_check ] --END-- [ RunTime:0.001000s ]
INFO: [ app_begin ] --START--
INFO: ReadHtmlCache Behavior ::run [ RunTime:0.001000s ]
INFO: [ app_begin ] --END-- [ RunTime:0.001000s ]
SQL: SHOW COLUMNS FROM `ab_employee` [ RunTime:0.003000s ]
SQL: SELECT * FROM `ab_employee` WHERE ( `e_loginname` = '12' ) LIMIT 1   [ RunTime:0.001000s ]

[ 2015-06-03T10:16:23+08:00 ] 0.0.0.0 /Admin/Employee/login
INFO: [ route_check ] --START--
INFO: CheckRoute Behavior ::run [ RunTime:0.002000s ]
INFO: [ route_check ] --END-- [ RunTime:0.002000s ]
INFO: [ app_begin ] --START--
INFO: ReadHtmlCache Behavior ::run [ RunTime:0.000000s ]
INFO: [ app_begin ] --END-- [ RunTime:0.000000s ]
SQL: SHOW COLUMNS FROM `ab_employee` [ RunTime:0.003000s ]
SQL: SELECT * FROM `ab_employee` WHERE ( `e_loginname` = 'gy' ) LIMIT 1   [ RunTime:0.001000s ]
NOTIC: [8] Undefined index: e_lock D:\xampp\htdocs\Admin\ManageCompanyOperate\Lib\Action\EmployeeAction.class.php 第 122 行.

